# JRE version: OpenJDK Runtime Environment (8.0_112-b06) (build 1.8.0_112-release-b06)
# Java VM: OpenJDK 64-Bit Server VM (25.112-b06 mixed mode windows-amd64 compressed oops)
Heap:
 PSYoungGen      total 175616K, used 6066K [0x00000000e0000000, 0x00000000edd00000, 0x0000000100000000)
  eden space 152576K, 3% used [0x00000000e0000000,0x00000000e05ecaa0,0x00000000e9500000)
  from space 23040K, 0% used [0x00000000e9500000,0x00000000e9500000,0x00000000eab80000)
  to   space 26112K, 0% used [0x00000000ec380000,0x00000000ec380000,0x00000000edd00000)
 ParOldGen       total 181248K, used 40272K [0x00000000a0000000, 0x00000000ab100000, 0x00000000e0000000)
  object space 181248K, 22% used [0x00000000a0000000,0x00000000a27541f0,0x00000000ab100000)
 Metaspace       used 57153K, capacity 59176K, committed 59480K, reserved 1099776K
  class space    used 7678K, capacity 8143K, committed 8280K, reserved 1048576K
GC Heap History (10 events):
Event: 28.267 GC heap before
{Heap before GC invocations=8 (full 2):
 PSYoungGen      total 126464K, used 121344K [0x00000000e0000000, 0x00000000e9480000, 0x0000000100000000)
  eden space 121344K, 100% used [0x00000000e0000000,0x00000000e7680000,0x00000000e7680000)
  from space 5120K, 0% used [0x00000000e8200000,0x00000000e8200000,0x00000000e8700000)
  to   space 13824K, 0% used [0x00000000e8700000,0x00000000e8700000,0x00000000e9480000)
 ParOldGen       total 118272K, used 18706K [0x00000000a0000000, 0x00000000a7380000, 0x00000000e0000000)
  object space 118272K, 15% used [0x00000000a0000000,0x00000000a1244828,0x00000000a7380000)
 Metaspace       used 42020K, capacity 42958K, committed 43136K, reserved 1087488K
  class space    used 5506K, capacity 5747K, committed 5760K, reserved 1048576K
Event: 28.296 GC heap after
Heap after GC invocations=8 (full 2):
 PSYoungGen      total 137728K, used 9083K [0x00000000e0000000, 0x00000000eb400000, 0x0000000100000000)
  eden space 123904K, 0% used [0x00000000e0000000,0x00000000e0000000,0x00000000e7900000)
  from space 13824K, 65% used [0x00000000e8700000,0x00000000e8fdefb0,0x00000000e9480000)
  to   space 14336K, 0% used [0x00000000e7900000,0x00000000e7900000,0x00000000e8700000)
 ParOldGen       total 118272K, used 18714K [0x00000000a0000000, 0x00000000a7380000, 0x00000000e0000000)
  object space 118272K, 15% used [0x00000000a0000000,0x00000000a1246828,0x00000000a7380000)
 Metaspace       used 42020K, capacity 42958K, committed 43136K, reserved 1087488K
  class space    used 5506K, capacity 5747K, committed 5760K, reserved 1048576K
}
Event: 31.768 GC heap before
{Heap before GC invocations=9 (full 2):
 PSYoungGen      total 137728K, used 132987K [0x00000000e0000000, 0x00000000eb400000, 0x0000000100000000)
  eden space 123904K, 100% used [0x00000000e0000000,0x00000000e7900000,0x00000000e7900000)
  from space 13824K, 65% used [0x00000000e8700000,0x00000000e8fdefb0,0x00000000e9480000)
  to   space 14336K, 0% used [0x00000000e7900000,0x00000000e7900000,0x00000000e8700000)
 ParOldGen       total 118272K, used 18714K [0x00000000a0000000, 0x00000000a7380000, 0x00000000e0000000)
  object space 118272K, 15% used [0x00000000a0000000,0x00000000a1246828,0x00000000a7380000)
 Metaspace       used 49882K, capacity 51148K, committed 51456K, reserved 1093632K
  class space    used 6581K, capacity 6851K, committed 6912K, reserved 1048576K
Event: 31.796 GC heap after
Heap after GC invocations=9 (full 2):
 PSYoungGen      total 138240K, used 14310K [0x00000000e0000000, 0x00000000ebc80000, 0x0000000100000000)
  eden space 123904K, 0% used [0x00000000e0000000,0x00000000e0000000,0x00000000e7900000)
  from space 14336K, 99% used [0x00000000e7900000,0x00000000e86f9b48,0x00000000e8700000)
  to   space 17408K, 0% used [0x00000000eab80000,0x00000000eab80000,0x00000000ebc80000)
 ParOldGen       total 118272K, used 20656K [0x00000000a0000000, 0x00000000a7380000, 0x00000000e0000000)
  object space 118272K, 17% used [0x00000000a0000000,0x00000000a142c2f8,0x00000000a7380000)
 Metaspace       used 49882K, capacity 51148K, committed 51456K, reserved 1093632K
  class space    used 6581K, capacity 6851K, committed 6912K, reserved 1048576K
}
Event: 44.674 GC heap before
{Heap before GC invocations=10 (full 2):
 PSYoungGen      total 138240K, used 138214K [0x00000000e0000000, 0x00000000ebc80000, 0x0000000100000000)
  eden space 123904K, 100% used [0x00000000e0000000,0x00000000e7900000,0x00000000e7900000)
  from space 14336K, 99% used [0x00000000e7900000,0x00000000e86f9b48,0x00000000e8700000)
  to   space 17408K, 0% used [0x00000000eab80000,0x00000000eab80000,0x00000000ebc80000)
 ParOldGen       total 118272K, used 20656K [0x00000000a0000000, 0x00000000a7380000, 0x00000000e0000000)
  object space 118272K, 17% used [0x00000000a0000000,0x00000000a142c2f8,0x00000000a7380000)
 Metaspace       used 55655K, capacity 57532K, committed 57856K, reserved 1099776K
  class space    used 7417K, capacity 7824K, committed 7936K, reserved 1048576K
Event: 44.724 GC heap after
Heap after GC invocations=10 (full 2):
 PSYoungGen      total 169984K, used 17379K [0x00000000e0000000, 0x00000000ec480000, 0x0000000100000000)
  eden space 152576K, 0% used [0x00000000e0000000,0x00000000e0000000,0x00000000e9500000)
  from space 17408K, 99% used [0x00000000eab80000,0x00000000ebc78ca0,0x00000000ebc80000)
  to   space 23040K, 0% used [0x00000000e9500000,0x00000000e9500000,0x00000000eab80000)
 ParOldGen       total 118272K, used 27664K [0x00000000a0000000, 0x00000000a7380000, 0x00000000e0000000)
  object space 118272K, 23% used [0x00000000a0000000,0x00000000a1b04038,0x00000000a7380000)
 Metaspace       used 55655K, capacity 57532K, committed 57856K, reserved 1099776K
  class space    used 7417K, capacity 7824K, committed 7936K, reserved 1048576K
}
Event: 53.418 GC heap before
{Heap before GC invocations=11 (full 2):
 PSYoungGen      total 169984K, used 72232K [0x00000000e0000000, 0x00000000ec480000, 0x0000000100000000)
  eden space 152576K, 35% used [0x00000000e0000000,0x00000000e3591400,0x00000000e9500000)
  from space 17408K, 99% used [0x00000000eab80000,0x00000000ebc78ca0,0x00000000ebc80000)
  to   space 23040K, 0% used [0x00000000e9500000,0x00000000e9500000,0x00000000eab80000)
 ParOldGen       total 118272K, used 27664K [0x00000000a0000000, 0x00000000a7380000, 0x00000000e0000000)
  object space 118272K, 23% used [0x00000000a0000000,0x00000000a1b04038,0x00000000a7380000)
 Metaspace       used 57085K, capacity 59088K, committed 59096K, reserved 1099776K
  class space    used 7684K, capacity 8144K, committed 8152K, reserved 1048576K
Event: 53.456 GC heap after
Heap after GC invocations=11 (full 2):
 PSYoungGen      total 175616K, used 23018K [0x00000000e0000000, 0x00000000edd00000, 0x0000000100000000)
  eden space 152576K, 0% used [0x00000000e0000000,0x00000000e0000000,0x00000000e9500000)
  from space 23040K, 99% used [0x00000000e9500000,0x00000000eab7ab80,0x00000000eab80000)
  to   space 26112K, 0% used [0x00000000ec380000,0x00000000ec380000,0x00000000edd00000)
 ParOldGen       total 118272K, used 27707K [0x00000000a0000000, 0x00000000a7380000, 0x00000000e0000000)
  object space 118272K, 23% used [0x00000000a0000000,0x00000000a1b0ed60,0x00000000a7380000)
 Metaspace       used 57085K, capacity 59088K, committed 59096K, reserved 1099776K
  class space    used 7684K, capacity 8144K, committed 8152K, reserved 1048576K
}
Event: 53.457 GC heap before
{Heap before GC invocations=12 (full 3):
 PSYoungGen      total 175616K, used 23018K [0x00000000e0000000, 0x00000000edd00000, 0x0000000100000000)
  eden space 152576K, 0% used [0x00000000e0000000,0x00000000e0000000,0x00000000e9500000)
  from space 23040K, 99% used [0x00000000e9500000,0x00000000eab7ab80,0x00000000eab80000)
  to   space 26112K, 0% used [0x00000000ec380000,0x00000000ec380000,0x00000000edd00000)
 ParOldGen       total 118272K, used 27707K [0x00000000a0000000, 0x00000000a7380000, 0x00000000e0000000)
  object space 118272K, 23% used [0x00000000a0000000,0x00000000a1b0ed60,0x00000000a7380000)
 Metaspace       used 57085K, capacity 59088K, committed 59096K, reserved 1099776K
  class space    used 7684K, capacity 8144K, committed 8152K, reserved 1048576K
Event: 54.053 GC heap after
Heap after GC invocations=12 (full 3):
 PSYoungGen      total 175616K, used 0K [0x00000000e0000000, 0x00000000edd00000, 0x0000000100000000)
  eden space 152576K, 0% used [0x00000000e0000000,0x00000000e0000000,0x00000000e9500000)
  from space 23040K, 0% used [0x00000000e9500000,0x00000000e9500000,0x00000000eab80000)
  to   space 26112K, 0% used [0x00000000ec380000,0x00000000ec380000,0x00000000edd00000)
 ParOldGen       total 181248K, used 40272K [0x00000000a0000000, 0x00000000ab100000, 0x00000000e0000000)
  object space 181248K, 22% used [0x00000000a0000000,0x00000000a27541f0,0x00000000ab100000)
 Metaspace       used 57040K, capacity 58978K, committed 59096K, reserved 1099776K
  class space    used 7670K, capacity 8130K, committed 8152K, reserved 1048576K
}

